[2022-09-02 00:12:55.155 +00:00] [INF] [46] Emby.Server.Implementations.ScheduledTasks.TaskManager: "IntervalTrigger" fired for task: "Refresh Guide"
[2022-09-02 00:12:55.156 +00:00] [INF] [46] Emby.Server.Implementations.ScheduledTasks.TaskManager: Queuing task "RefreshGuideScheduledTask"
[2022-09-02 00:12:55.156 +00:00] [INF] [46] Emby.Server.Implementations.ScheduledTasks.TaskManager: Executing "Refresh Guide"
[2022-09-02 00:12:58.157 +00:00] [INF] [46] Emby.Server.Implementations.LiveTv.LiveTvManager: Refreshing guide with 7 days of guide data
[2022-09-02 00:12:58.157 +00:00] [INF] [46] Emby.Server.Implementations.ScheduledTasks.TaskManager: "Refresh Guide" Completed after 0 minute(s) and 3 seconds
[2022-09-02 00:12:58.157 +00:00] [INF] [46] Emby.Server.Implementations.ScheduledTasks.TaskManager: ExecuteQueuedTasks
[2022-09-02 00:14:08.111 +00:00] [INF] [45] Jellyfin.Networking.Manager.NetworkManager: Defined LAN addresses : "[10.0.0.0/8,172.16.0.0/12,192.168.0.0/16]"
[2022-09-02 00:14:08.111 +00:00] [INF] [45] Jellyfin.Networking.Manager.NetworkManager: Defined LAN exclusions : "[]"
[2022-09-02 00:14:08.111 +00:00] [INF] [45] Jellyfin.Networking.Manager.NetworkManager: Using LAN addresses: "[10.0.0.0/8,172.16.0.0/12,192.168.0.0/16]"
[2022-09-02 02:00:00.002 +00:00] [INF] [44] Emby.Server.Implementations.ScheduledTasks.TaskManager: "DailyTrigger" fired for task: "Extract Chapter Images"
[2022-09-02 02:00:00.002 +00:00] [INF] [44] Emby.Server.Implementations.ScheduledTasks.TaskManager: Queuing task "ChapterImagesTask"
[2022-09-02 02:00:00.002 +00:00] [INF] [44] Emby.Server.Implementations.ScheduledTasks.TaskManager: Executing "Extract Chapter Images"
[2022-09-02 02:00:00.003 +00:00] [INF] [44] Emby.Server.Implementations.ScheduledTasks.TaskManager: "Extract Chapter Images" Completed after 0 minute(s) and 0 seconds
[2022-09-02 02:00:00.004 +00:00] [INF] [44] Emby.Server.Implementations.ScheduledTasks.TaskManager: ExecuteQueuedTasks
[2022-09-02 02:00:01.002 +00:00] [INF] [37] Emby.Server.Implementations.ScheduledTasks.TaskManager: Daily trigger for "Extract Chapter Images" set to fire at 2022-09-03 02:00:00.000 +00:00, which is 23:59:58.9976540 from now.
[2022-09-02 11:12:55.759 +00:00] [INF] [46] Emby.Server.Implementations.ScheduledTasks.TaskManager: "IntervalTrigger" fired for task: "Scan Media Library"
[2022-09-02 11:12:55.759 +00:00] [INF] [46] Emby.Server.Implementations.ScheduledTasks.TaskManager: Queuing task "RefreshMediaLibraryTask"
[2022-09-02 11:12:55.759 +00:00] [INF] [54] Emby.Server.Implementations.ScheduledTasks.TaskManager: Executing "Scan Media Library"
[2022-09-02 11:12:55.759 +00:00] [INF] [54] Emby.Server.Implementations.IO.LibraryMonitor: Stopping directory watching for path "/media"
[2022-09-02 11:12:55.760 +00:00] [INF] [54] Emby.Server.Implementations.Library.LibraryManager: Validating media library
[2022-09-02 11:12:55.841 +00:00] [ERR] [54] Emby.Server.Implementations.Library.LibraryManager: Error running post-scan task
System.ArgumentException: Not enough valid pictures provided to create a splashscreen!
   at Jellyfin.Drawing.Skia.SplashscreenBuilder.GenerateCollage(IReadOnlyList`1 posters, IReadOnlyList`1 backdrops)
   at Jellyfin.Drawing.Skia.SplashscreenBuilder.GenerateSplash(IReadOnlyList`1 posters, IReadOnlyList`1 backdrops, String outputPath)
   at Jellyfin.Drawing.Skia.SkiaEncoder.CreateSplashscreen(IReadOnlyList`1 posters, IReadOnlyList`1 backdrops)
   at Emby.Server.Implementations.Library.SplashscreenPostScanTask.Run(IProgress`1 progress, CancellationToken cancellationToken)
   at Emby.Server.Implementations.Library.LibraryManager.RunPostScanTasks(IProgress`1 progress, CancellationToken cancellationToken)
[2022-09-02 11:12:55.843 +00:00] [INF] [54] Emby.Server.Implementations.ScheduledTasks.TaskManager: "Scan Media Library" Completed after 0 minute(s) and 0 seconds
[2022-09-02 11:12:55.843 +00:00] [INF] [54] Emby.Server.Implementations.ScheduledTasks.TaskManager: ExecuteQueuedTasks
[2022-09-02 11:12:55.868 +00:00] [INF] [54] Emby.Server.Implementations.IO.LibraryMonitor: Watching directory "/media"
[2022-09-02 12:14:08.692 +00:00] [INF] [51] Jellyfin.Networking.Manager.NetworkManager: Defined LAN addresses : "[10.0.0.0/8,172.16.0.0/12,192.168.0.0/16]"
[2022-09-02 12:14:08.692 +00:00] [INF] [51] Jellyfin.Networking.Manager.NetworkManager: Defined LAN exclusions : "[]"
[2022-09-02 12:14:08.692 +00:00] [INF] [51] Jellyfin.Networking.Manager.NetworkManager: Using LAN addresses: "[10.0.0.0/8,172.16.0.0/12,192.168.0.0/16]"
[2022-09-02 23:12:54.044 +00:00] [INF] [29] Emby.Server.Implementations.ScheduledTasks.TaskManager: "IntervalTrigger" fired for task: "Download missing subtitles"
[2022-09-02 23:12:54.044 +00:00] [INF] [29] Emby.Server.Implementations.ScheduledTasks.TaskManager: Queuing task "SubtitleScheduledTask"
[2022-09-02 23:12:54.045 +00:00] [INF] [32] Emby.Server.Implementations.ScheduledTasks.TaskManager: Executing "Download missing subtitles"
[2022-09-02 23:12:54.045 +00:00] [INF] [32] Emby.Server.Implementations.ScheduledTasks.TaskManager: "Download missing subtitles" Completed after 0 minute(s) and 0 seconds
[2022-09-02 23:12:54.045 +00:00] [INF] [32] Emby.Server.Implementations.ScheduledTasks.TaskManager: ExecuteQueuedTasks
[2022-09-02 23:12:54.068 +00:00] [INF] [32] Emby.Server.Implementations.ScheduledTasks.TaskManager: "IntervalTrigger" fired for task: "Clean Cache Directory"
[2022-09-02 23:12:54.068 +00:00] [INF] [32] Emby.Server.Implementations.ScheduledTasks.TaskManager: Queuing task "DeleteCacheFileTask"
[2022-09-02 23:12:54.069 +00:00] [INF] [29] Emby.Server.Implementations.ScheduledTasks.TaskManager: Executing "Clean Cache Directory"
[2022-09-02 23:12:54.070 +00:00] [INF] [29] Emby.Server.Implementations.ScheduledTasks.TaskManager: "Clean Cache Directory" Completed after 0 minute(s) and 0 seconds
[2022-09-02 23:12:54.070 +00:00] [INF] [29] Emby.Server.Implementations.ScheduledTasks.TaskManager: ExecuteQueuedTasks
[2022-09-02 23:12:54.092 +00:00] [INF] [29] Emby.Server.Implementations.ScheduledTasks.TaskManager: "IntervalTrigger" fired for task: "Clean Log Directory"
[2022-09-02 23:12:54.093 +00:00] [INF] [29] Emby.Server.Implementations.ScheduledTasks.TaskManager: Queuing task "DeleteLogFileTask"
[2022-09-02 23:12:54.093 +00:00] [INF] [32] Emby.Server.Implementations.ScheduledTasks.TaskManager: Executing "Clean Log Directory"
[2022-09-02 23:12:54.093 +00:00] [INF] [32] Emby.Server.Implementations.ScheduledTasks.TaskManager: "Clean Log Directory" Completed after 0 minute(s) and 0 seconds
[2022-09-02 23:12:54.093 +00:00] [INF] [32] Emby.Server.Implementations.ScheduledTasks.TaskManager: ExecuteQueuedTasks
[2022-09-02 23:12:54.121 +00:00] [INF] [32] Emby.Server.Implementations.ScheduledTasks.TaskManager: "IntervalTrigger" fired for task: "Clean Transcode Directory"
[2022-09-02 23:12:54.121 +00:00] [INF] [32] Emby.Server.Implementations.ScheduledTasks.TaskManager: Queuing task "DeleteTranscodeFileTask"
[2022-09-02 23:12:54.121 +00:00] [INF] [29] Emby.Server.Implementations.ScheduledTasks.TaskManager: Executing "Clean Transcode Directory"
[2022-09-02 23:12:54.121 +00:00] [INF] [29] Emby.Server.Implementations.ScheduledTasks.TaskManager: "Clean Transcode Directory" Completed after 0 minute(s) and 0 seconds
[2022-09-02 23:12:54.122 +00:00] [INF] [29] Emby.Server.Implementations.ScheduledTasks.TaskManager: ExecuteQueuedTasks
[2022-09-02 23:12:54.224 +00:00] [INF] [29] Emby.Server.Implementations.ScheduledTasks.TaskManager: "IntervalTrigger" fired for task: "TasksRefreshChannels"
[2022-09-02 23:12:54.224 +00:00] [INF] [29] Emby.Server.Implementations.ScheduledTasks.TaskManager: Queuing task "RefreshChannelsScheduledTask"
[2022-09-02 23:12:54.224 +00:00] [INF] [32] Emby.Server.Implementations.ScheduledTasks.TaskManager: Executing "TasksRefreshChannels"
[2022-09-02 23:12:54.225 +00:00] [INF] [32] Emby.Server.Implementations.ScheduledTasks.TaskManager: "TasksRefreshChannels" Completed after 0 minute(s) and 0 seconds
[2022-09-02 23:12:54.225 +00:00] [INF] [32] Emby.Server.Implementations.ScheduledTasks.TaskManager: ExecuteQueuedTasks
[2022-09-02 23:12:54.292 +00:00] [INF] [32] Emby.Server.Implementations.ScheduledTasks.TaskManager: "IntervalTrigger" fired for task: "Optimize database"
[2022-09-02 23:12:54.292 +00:00] [INF] [32] Emby.Server.Implementations.ScheduledTasks.TaskManager: Queuing task "OptimizeDatabaseTask"
[2022-09-02 23:12:54.292 +00:00] [INF] [29] Emby.Server.Implementations.ScheduledTasks.TaskManager: Executing "Optimize database"
[2022-09-02 23:12:54.293 +00:00] [INF] [29] Emby.Server.Implementations.ScheduledTasks.Tasks.OptimizeDatabaseTask: Optimizing and vacuuming jellyfin.db...
[2022-09-02 23:12:54.298 +00:00] [INF] [29] Emby.Server.Implementations.ScheduledTasks.Tasks.OptimizeDatabaseTask: jellyfin.db optimized successfully!
[2022-09-02 23:12:54.299 +00:00] [INF] [29] Emby.Server.Implementations.ScheduledTasks.TaskManager: "Optimize database" Completed after 0 minute(s) and 0 seconds
[2022-09-02 23:12:54.299 +00:00] [INF] [29] Emby.Server.Implementations.ScheduledTasks.TaskManager: ExecuteQueuedTasks
[2022-09-02 23:12:55.785 +00:00] [INF] [29] Emby.Server.Implementations.ScheduledTasks.TaskManager: "IntervalTrigger" fired for task: "Update Plugins"
[2022-09-02 23:12:55.785 +00:00] [INF] [29] Emby.Server.Implementations.ScheduledTasks.TaskManager: Queuing task "PluginUpdateTask"
[2022-09-02 23:12:55.785 +00:00] [INF] [29] Emby.Server.Implementations.ScheduledTasks.TaskManager: Executing "Update Plugins"
[2022-09-02 23:12:56.037 +00:00] [INF] [29] Emby.Server.Implementations.ScheduledTasks.TaskManager: "IntervalTrigger" fired for task: "Scan Media Library"
[2022-09-02 23:12:56.037 +00:00] [INF] [29] Emby.Server.Implementations.ScheduledTasks.TaskManager: Queuing task "RefreshMediaLibraryTask"
[2022-09-02 23:12:56.037 +00:00] [INF] [29] Emby.Server.Implementations.ScheduledTasks.TaskManager: Executing "Scan Media Library"
[2022-09-02 23:12:56.037 +00:00] [INF] [29] Emby.Server.Implementations.IO.LibraryMonitor: Stopping directory watching for path "/media"
[2022-09-02 23:12:56.037 +00:00] [INF] [29] Emby.Server.Implementations.Library.LibraryManager: Validating media library
[2022-09-02 23:12:56.088 +00:00] [ERR] [29] Emby.Server.Implementations.Library.LibraryManager: Error running post-scan task
System.ArgumentException: Not enough valid pictures provided to create a splashscreen!
   at Jellyfin.Drawing.Skia.SplashscreenBuilder.GenerateCollage(IReadOnlyList`1 posters, IReadOnlyList`1 backdrops)
   at Jellyfin.Drawing.Skia.SplashscreenBuilder.GenerateSplash(IReadOnlyList`1 posters, IReadOnlyList`1 backdrops, String outputPath)
   at Jellyfin.Drawing.Skia.SkiaEncoder.CreateSplashscreen(IReadOnlyList`1 posters, IReadOnlyList`1 backdrops)
   at Emby.Server.Implementations.Library.SplashscreenPostScanTask.Run(IProgress`1 progress, CancellationToken cancellationToken)
   at Emby.Server.Implementations.Library.LibraryManager.RunPostScanTasks(IProgress`1 progress, CancellationToken cancellationToken)
[2022-09-02 23:12:56.090 +00:00] [INF] [29] Emby.Server.Implementations.ScheduledTasks.TaskManager: "Scan Media Library" Completed after 0 minute(s) and 0 seconds
[2022-09-02 23:12:56.090 +00:00] [INF] [29] Emby.Server.Implementations.ScheduledTasks.TaskManager: ExecuteQueuedTasks
[2022-09-02 23:12:56.112 +00:00] [INF] [29] Emby.Server.Implementations.IO.LibraryMonitor: Watching directory "/media"
[2022-09-02 23:12:56.687 +00:00] [INF] [29] Emby.Server.Implementations.ScheduledTasks.TaskManager: "Update Plugins" Completed after 0 minute(s) and 0 seconds
[2022-09-02 23:12:56.688 +00:00] [INF] [29] Emby.Server.Implementations.ScheduledTasks.TaskManager: ExecuteQueuedTasks
