[2022-08-31 00:12:55.146 +00:00] [INF] [17] Emby.Server.Implementations.ScheduledTasks.TaskManager: "IntervalTrigger" fired for task: "Refresh Guide"
[2022-08-31 00:12:55.147 +00:00] [INF] [17] Emby.Server.Implementations.ScheduledTasks.TaskManager: Queuing task "RefreshGuideScheduledTask"
[2022-08-31 00:12:55.147 +00:00] [INF] [33] Emby.Server.Implementations.ScheduledTasks.TaskManager: Executing "Refresh Guide"
[2022-08-31 00:12:58.149 +00:00] [INF] [33] Emby.Server.Implementations.LiveTv.LiveTvManager: Refreshing guide with 7 days of guide data
[2022-08-31 00:12:58.150 +00:00] [INF] [33] Emby.Server.Implementations.ScheduledTasks.TaskManager: "Refresh Guide" Completed after 0 minute(s) and 3 seconds
[2022-08-31 00:12:58.150 +00:00] [INF] [33] Emby.Server.Implementations.ScheduledTasks.TaskManager: ExecuteQueuedTasks
[2022-08-31 00:14:07.471 +00:00] [INF] [38] Jellyfin.Networking.Manager.NetworkManager: Defined LAN addresses : "[10.0.0.0/8,172.16.0.0/12,192.168.0.0/16]"
[2022-08-31 00:14:07.471 +00:00] [INF] [38] Jellyfin.Networking.Manager.NetworkManager: Defined LAN exclusions : "[]"
[2022-08-31 00:14:07.471 +00:00] [INF] [38] Jellyfin.Networking.Manager.NetworkManager: Using LAN addresses: "[10.0.0.0/8,172.16.0.0/12,192.168.0.0/16]"
[2022-08-31 02:00:00.001 +00:00] [INF] [21] Emby.Server.Implementations.ScheduledTasks.TaskManager: "DailyTrigger" fired for task: "Extract Chapter Images"
[2022-08-31 02:00:00.001 +00:00] [INF] [21] Emby.Server.Implementations.ScheduledTasks.TaskManager: Queuing task "ChapterImagesTask"
[2022-08-31 02:00:00.001 +00:00] [INF] [30] Emby.Server.Implementations.ScheduledTasks.TaskManager: Executing "Extract Chapter Images"
[2022-08-31 02:00:00.003 +00:00] [INF] [30] Emby.Server.Implementations.ScheduledTasks.TaskManager: "Extract Chapter Images" Completed after 0 minute(s) and 0 seconds
[2022-08-31 02:00:00.003 +00:00] [INF] [30] Emby.Server.Implementations.ScheduledTasks.TaskManager: ExecuteQueuedTasks
[2022-08-31 02:00:01.003 +00:00] [INF] [30] Emby.Server.Implementations.ScheduledTasks.TaskManager: Daily trigger for "Extract Chapter Images" set to fire at 2022-09-01 02:00:00.000 +00:00, which is 23:59:58.9966752 from now.
[2022-08-31 11:12:54.867 +00:00] [INF] [49] Emby.Server.Implementations.ScheduledTasks.TaskManager: "IntervalTrigger" fired for task: "Scan Media Library"
[2022-08-31 11:12:54.867 +00:00] [INF] [49] Emby.Server.Implementations.ScheduledTasks.TaskManager: Queuing task "RefreshMediaLibraryTask"
[2022-08-31 11:12:54.867 +00:00] [INF] [18] Emby.Server.Implementations.ScheduledTasks.TaskManager: Executing "Scan Media Library"
[2022-08-31 11:12:54.867 +00:00] [INF] [18] Emby.Server.Implementations.IO.LibraryMonitor: Stopping directory watching for path "/media"
[2022-08-31 11:12:54.867 +00:00] [INF] [18] Emby.Server.Implementations.Library.LibraryManager: Validating media library
[2022-08-31 11:12:54.897 +00:00] [ERR] [18] Emby.Server.Implementations.Library.LibraryManager: Error running post-scan task
System.ArgumentException: Not enough valid pictures provided to create a splashscreen!
   at Jellyfin.Drawing.Skia.SplashscreenBuilder.GenerateCollage(IReadOnlyList`1 posters, IReadOnlyList`1 backdrops)
   at Jellyfin.Drawing.Skia.SplashscreenBuilder.GenerateSplash(IReadOnlyList`1 posters, IReadOnlyList`1 backdrops, String outputPath)
   at Jellyfin.Drawing.Skia.SkiaEncoder.CreateSplashscreen(IReadOnlyList`1 posters, IReadOnlyList`1 backdrops)
   at Emby.Server.Implementations.Library.SplashscreenPostScanTask.Run(IProgress`1 progress, CancellationToken cancellationToken)
   at Emby.Server.Implementations.Library.LibraryManager.RunPostScanTasks(IProgress`1 progress, CancellationToken cancellationToken)
[2022-08-31 11:12:54.900 +00:00] [INF] [18] Emby.Server.Implementations.ScheduledTasks.TaskManager: "Scan Media Library" Completed after 0 minute(s) and 0 seconds
[2022-08-31 11:12:54.900 +00:00] [INF] [18] Emby.Server.Implementations.ScheduledTasks.TaskManager: ExecuteQueuedTasks
[2022-08-31 11:12:54.927 +00:00] [INF] [49] Emby.Server.Implementations.IO.LibraryMonitor: Watching directory "/media"
[2022-08-31 12:14:07.537 +00:00] [INF] [26] Jellyfin.Networking.Manager.NetworkManager: Defined LAN addresses : "[10.0.0.0/8,172.16.0.0/12,192.168.0.0/16]"
[2022-08-31 12:14:07.537 +00:00] [INF] [26] Jellyfin.Networking.Manager.NetworkManager: Defined LAN exclusions : "[]"
[2022-08-31 12:14:07.537 +00:00] [INF] [26] Jellyfin.Networking.Manager.NetworkManager: Using LAN addresses: "[10.0.0.0/8,172.16.0.0/12,192.168.0.0/16]"
[2022-08-31 23:12:54.040 +00:00] [INF] [18] Emby.Server.Implementations.ScheduledTasks.TaskManager: "IntervalTrigger" fired for task: "Download missing subtitles"
[2022-08-31 23:12:54.040 +00:00] [INF] [18] Emby.Server.Implementations.ScheduledTasks.TaskManager: Queuing task "SubtitleScheduledTask"
[2022-08-31 23:12:54.040 +00:00] [INF] [18] Emby.Server.Implementations.ScheduledTasks.TaskManager: Executing "Download missing subtitles"
[2022-08-31 23:12:54.041 +00:00] [INF] [18] Emby.Server.Implementations.ScheduledTasks.TaskManager: "Download missing subtitles" Completed after 0 minute(s) and 0 seconds
[2022-08-31 23:12:54.041 +00:00] [INF] [18] Emby.Server.Implementations.ScheduledTasks.TaskManager: ExecuteQueuedTasks
[2022-08-31 23:12:54.068 +00:00] [INF] [18] Emby.Server.Implementations.ScheduledTasks.TaskManager: "IntervalTrigger" fired for task: "Clean Cache Directory"
[2022-08-31 23:12:54.068 +00:00] [INF] [18] Emby.Server.Implementations.ScheduledTasks.TaskManager: Queuing task "DeleteCacheFileTask"
[2022-08-31 23:12:54.068 +00:00] [INF] [43] Emby.Server.Implementations.ScheduledTasks.TaskManager: Executing "Clean Cache Directory"
[2022-08-31 23:12:54.069 +00:00] [INF] [43] Emby.Server.Implementations.ScheduledTasks.TaskManager: "Clean Cache Directory" Completed after 0 minute(s) and 0 seconds
[2022-08-31 23:12:54.070 +00:00] [INF] [43] Emby.Server.Implementations.ScheduledTasks.TaskManager: ExecuteQueuedTasks
[2022-08-31 23:12:54.089 +00:00] [INF] [18] Emby.Server.Implementations.ScheduledTasks.TaskManager: "IntervalTrigger" fired for task: "Clean Log Directory"
[2022-08-31 23:12:54.089 +00:00] [INF] [18] Emby.Server.Implementations.ScheduledTasks.TaskManager: Queuing task "DeleteLogFileTask"
[2022-08-31 23:12:54.089 +00:00] [INF] [23] Emby.Server.Implementations.ScheduledTasks.TaskManager: Executing "Clean Log Directory"
[2022-08-31 23:12:54.089 +00:00] [INF] [23] Emby.Server.Implementations.ScheduledTasks.TaskManager: "Clean Log Directory" Completed after 0 minute(s) and 0 seconds
[2022-08-31 23:12:54.090 +00:00] [INF] [23] Emby.Server.Implementations.ScheduledTasks.TaskManager: ExecuteQueuedTasks
[2022-08-31 23:12:54.114 +00:00] [INF] [43] Emby.Server.Implementations.ScheduledTasks.TaskManager: "IntervalTrigger" fired for task: "Clean Transcode Directory"
[2022-08-31 23:12:54.115 +00:00] [INF] [43] Emby.Server.Implementations.ScheduledTasks.TaskManager: Queuing task "DeleteTranscodeFileTask"
[2022-08-31 23:12:54.115 +00:00] [INF] [43] Emby.Server.Implementations.ScheduledTasks.TaskManager: Executing "Clean Transcode Directory"
[2022-08-31 23:12:54.115 +00:00] [INF] [43] Emby.Server.Implementations.ScheduledTasks.TaskManager: "Clean Transcode Directory" Completed after 0 minute(s) and 0 seconds
[2022-08-31 23:12:54.115 +00:00] [INF] [43] Emby.Server.Implementations.ScheduledTasks.TaskManager: ExecuteQueuedTasks
[2022-08-31 23:12:54.225 +00:00] [INF] [43] Emby.Server.Implementations.ScheduledTasks.TaskManager: "IntervalTrigger" fired for task: "TasksRefreshChannels"
[2022-08-31 23:12:54.225 +00:00] [INF] [43] Emby.Server.Implementations.ScheduledTasks.TaskManager: Queuing task "RefreshChannelsScheduledTask"
[2022-08-31 23:12:54.225 +00:00] [INF] [23] Emby.Server.Implementations.ScheduledTasks.TaskManager: Executing "TasksRefreshChannels"
[2022-08-31 23:12:54.226 +00:00] [INF] [23] Emby.Server.Implementations.ScheduledTasks.TaskManager: "TasksRefreshChannels" Completed after 0 minute(s) and 0 seconds
[2022-08-31 23:12:54.226 +00:00] [INF] [23] Emby.Server.Implementations.ScheduledTasks.TaskManager: ExecuteQueuedTasks
[2022-08-31 23:12:54.280 +00:00] [INF] [23] Emby.Server.Implementations.ScheduledTasks.TaskManager: "IntervalTrigger" fired for task: "Optimize database"
[2022-08-31 23:12:54.280 +00:00] [INF] [23] Emby.Server.Implementations.ScheduledTasks.TaskManager: Queuing task "OptimizeDatabaseTask"
[2022-08-31 23:12:54.280 +00:00] [INF] [43] Emby.Server.Implementations.ScheduledTasks.TaskManager: Executing "Optimize database"
[2022-08-31 23:12:54.281 +00:00] [INF] [43] Emby.Server.Implementations.ScheduledTasks.Tasks.OptimizeDatabaseTask: Optimizing and vacuuming jellyfin.db...
[2022-08-31 23:12:54.288 +00:00] [INF] [43] Emby.Server.Implementations.ScheduledTasks.Tasks.OptimizeDatabaseTask: jellyfin.db optimized successfully!
[2022-08-31 23:12:54.288 +00:00] [INF] [43] Emby.Server.Implementations.ScheduledTasks.TaskManager: "Optimize database" Completed after 0 minute(s) and 0 seconds
[2022-08-31 23:12:54.288 +00:00] [INF] [43] Emby.Server.Implementations.ScheduledTasks.TaskManager: ExecuteQueuedTasks
[2022-08-31 23:12:54.893 +00:00] [INF] [43] Emby.Server.Implementations.ScheduledTasks.TaskManager: "IntervalTrigger" fired for task: "Update Plugins"
[2022-08-31 23:12:54.893 +00:00] [INF] [43] Emby.Server.Implementations.ScheduledTasks.TaskManager: Queuing task "PluginUpdateTask"
[2022-08-31 23:12:54.893 +00:00] [INF] [43] Emby.Server.Implementations.ScheduledTasks.TaskManager: Executing "Update Plugins"
[2022-08-31 23:12:55.540 +00:00] [INF] [23] Emby.Server.Implementations.ScheduledTasks.TaskManager: "IntervalTrigger" fired for task: "Scan Media Library"
[2022-08-31 23:12:55.540 +00:00] [INF] [23] Emby.Server.Implementations.ScheduledTasks.TaskManager: Queuing task "RefreshMediaLibraryTask"
[2022-08-31 23:12:55.540 +00:00] [INF] [23] Emby.Server.Implementations.ScheduledTasks.TaskManager: Executing "Scan Media Library"
[2022-08-31 23:12:55.540 +00:00] [INF] [23] Emby.Server.Implementations.IO.LibraryMonitor: Stopping directory watching for path "/media"
[2022-08-31 23:12:55.541 +00:00] [INF] [23] Emby.Server.Implementations.Library.LibraryManager: Validating media library
[2022-08-31 23:12:55.587 +00:00] [ERR] [23] Emby.Server.Implementations.Library.LibraryManager: Error running post-scan task
System.ArgumentException: Not enough valid pictures provided to create a splashscreen!
   at Jellyfin.Drawing.Skia.SplashscreenBuilder.GenerateCollage(IReadOnlyList`1 posters, IReadOnlyList`1 backdrops)
   at Jellyfin.Drawing.Skia.SplashscreenBuilder.GenerateSplash(IReadOnlyList`1 posters, IReadOnlyList`1 backdrops, String outputPath)
   at Jellyfin.Drawing.Skia.SkiaEncoder.CreateSplashscreen(IReadOnlyList`1 posters, IReadOnlyList`1 backdrops)
   at Emby.Server.Implementations.Library.SplashscreenPostScanTask.Run(IProgress`1 progress, CancellationToken cancellationToken)
   at Emby.Server.Implementations.Library.LibraryManager.RunPostScanTasks(IProgress`1 progress, CancellationToken cancellationToken)
[2022-08-31 23:12:55.589 +00:00] [INF] [23] Emby.Server.Implementations.ScheduledTasks.TaskManager: "Scan Media Library" Completed after 0 minute(s) and 0 seconds
[2022-08-31 23:12:55.589 +00:00] [INF] [23] Emby.Server.Implementations.ScheduledTasks.TaskManager: ExecuteQueuedTasks
[2022-08-31 23:12:55.614 +00:00] [INF] [18] Emby.Server.Implementations.IO.LibraryMonitor: Watching directory "/media"
[2022-08-31 23:12:56.353 +00:00] [INF] [55] Emby.Server.Implementations.ScheduledTasks.TaskManager: "Update Plugins" Completed after 0 minute(s) and 1 seconds
[2022-08-31 23:12:56.354 +00:00] [INF] [55] Emby.Server.Implementations.ScheduledTasks.TaskManager: ExecuteQueuedTasks
